22:03:02 **** Incremental Build of configuration Debug for project recuperatorioProgramacion1 ****
Info: Internal Builder is used for build
gcc -O0 -g3 -Wall -c -fmessage-length=0 -o "src\\recuperatorioProgramacion1.o" "..\\src\\recuperatorioProgramacion1.c" 
gcc -o recuperatorioProgramacion1.exe "src\\recuperatorioProgramacion1.o" 
Info: Nothing to build for recuperatorioProgramacion1
22:04:07 **** Incremental Build of configuration Debug for project recuperatorioProgramacion1 ****
Info: Internal Builder is used for build
gcc -O0 -g3 -Wall -c -fmessage-length=0 -o "src\\recuperatorioProgramacion1.o" "..\\src\\recuperatorioProgramacion1.c" 
gcc -o recuperatorioProgramacion1.exe "src\\recuperatorioProgramacion1.o" 
22:04:52 **** Incremental Build of configuration Debug for project recuperatorioProgramacion1 ****
Info: Internal Builder is used for build
gcc -O0 -g3 -Wall -c -fmessage-length=0 -o "src\\recuperatorioProgramacion1.o" "..\\src\\recuperatorioProgramacion1.c" 
gcc -o recuperatorioProgramacion1.exe "src\\recuperatorioProgramacion1.o" 
22:07:34 **** Incremental Build of configuration Debug for project recuperatorioProgramacion1 ****
Info: Internal Builder is used for build
gcc -O0 -g3 -Wall -c -fmessage-length=0 -o "src\\recuperatorioProgramacion1.o" "..\\src\\recuperatorioProgramacion1.c" 
gcc -o recuperatorioProgramacion1.exe "src\\recuperatorioProgramacion1.o" 
22:09:12 **** Incremental Build of configuration Debug for project recuperatorioProgramacion1 ****
Info: Internal Builder is used for build
gcc -O0 -g3 -Wall -c -fmessage-length=0 -o "src\\recuperatorioProgramacion1.o" "..\\src\\recuperatorioProgramacion1.c" 
gcc -o recuperatorioProgramacion1.exe "src\\recuperatorioProgramacion1.o" 
22:15:20 **** Incremental Build of configuration Debug for project recuperatorioProgramacion1 ****
Info: Internal Builder is used for build
gcc -O0 -g3 -Wall -c -fmessage-length=0 -o "src\\recuperatorioProgramacion1.o" "..\\src\\recuperatorioProgramacion1.c" 
gcc -o recuperatorioProgramacion1.exe "src\\recuperatorioProgramacion1.o" 
